<?xml version="1.0" encoding="UTF-8"?>
<!-- Generated by org.testng.reporters.JUnitReportReporter -->
<testsuite hostname="A4460L" failures="0" tests="1" name="com.qa.test.saucedemo.testcase.CheckoutOverviewPageTest" time="8.266" errors="0" timestamp="2024-02-09T16:28:56 IST" skipped="0">
  <testcase classname="com.qa.test.saucedemo.testcase.CheckoutOverviewPageTest" name="clickFinish" time="8.266"/>
</testsuite> <!-- com.qa.test.saucedemo.testcase.CheckoutOverviewPageTest -->
